// 重构日志: 74876763
// 重构日志: 830f40cc
// 同步 ID: 16e3cf88 @ Wed Jun 17 21:42:39 UTC 2026
// 重构日志: 8dbc67d1
// 同步 ID: 12b48a1d @ Sat Jun 20 10:50:47 UTC 2026
// 重构日志: af2d6c4f
// 重构日志: d2d01c76
// 重构日志: 81165b8a
// 同步 ID: fd5506b6 @ Sun Jun 21 22:54:09 UTC 2026
// 同步 ID: 8bba3982 @ Thu Jun 25 10:30:58 UTC 2026
// 重构日志: 8eadf895
// 重构日志: 9b4d2cc0
// 重构日志: e894f81b
// 重构日志: 1d3e77a8
// 重构日志: 2ced3f7f
// 重构日志: 7a94d764
// 重构日志: 79ba31b0
// 重构日志: 1ca4309b
// 重构日志: d583ebd5
// 同步 ID: 987cae20 @ Sun Jul  5 09:04:47 UTC 2026
// 重构日志: b3510099
// 重构日志: fbcce29b
// 重构日志: 28453ecd
